<?xml version="1.0" encoding="UTF-8"?>
<testng-results ignored="0" total="9" passed="6" failed="3" skipped="0">
  <reporter-output>
  </reporter-output>
  <suite started-at="2024-11-22T07:47:30Z" name="Default suite" finished-at="2024-11-22T07:47:30Z" duration-ms="82">
    <groups>
    </groups>
    <test started-at="2024-11-22T07:47:30Z" name="Default test" finished-at="2024-11-22T07:47:30Z" duration-ms="82">
      <class name="unit_tesing.TestPhepToan">
        <test-method is-config="true" signature="BeforeTest()[pri:0, instance:unit_tesing.TestPhepToan@64a40280]" started-at="2024-11-22T14:47:30Z" name="BeforeTest" finished-at="2024-11-22T14:47:30Z" duration-ms="4" status="PASS">
          <reporter-output>
          </reporter-output>
        </test-method> <!-- BeforeTest -->
        <test-method signature="TestCong(float, float, float)[pri:0, instance:unit_tesing.TestPhepToan@64a40280]" started-at="2024-11-22T14:47:30Z" name="TestCong" data-provider="congdata" finished-at="2024-11-22T14:47:30Z" duration-ms="15" status="PASS">
          <params>
            <param index="0">
              <value>
                <![CDATA[1.0]]>
              </value>
            </param>
            <param index="1">
              <value>
                <![CDATA[2.0]]>
              </value>
            </param>
            <param index="2">
              <value>
                <![CDATA[3.0]]>
              </value>
            </param>
          </params>
          <reporter-output>
          </reporter-output>
        </test-method> <!-- TestCong -->
        <test-method is-config="true" signature="AfterTest()[pri:0, instance:unit_tesing.TestPhepToan@64a40280]" started-at="2024-11-22T14:47:30Z" name="AfterTest" finished-at="2024-11-22T14:47:30Z" duration-ms="1" status="PASS">
          <reporter-output>
          </reporter-output>
        </test-method> <!-- AfterTest -->
        <test-method is-config="true" signature="BeforeTest()[pri:0, instance:unit_tesing.TestPhepToan@64a40280]" started-at="2024-11-22T14:47:30Z" name="BeforeTest" finished-at="2024-11-22T14:47:30Z" duration-ms="0" status="PASS">
          <reporter-output>
          </reporter-output>
        </test-method> <!-- BeforeTest -->
        <test-method signature="TestCong(float, float, float)[pri:0, instance:unit_tesing.TestPhepToan@64a40280]" started-at="2024-11-22T14:47:30Z" name="TestCong" data-provider="congdata" finished-at="2024-11-22T14:47:30Z" duration-ms="2" status="PASS">
          <params>
            <param index="0">
              <value>
                <![CDATA[5.0]]>
              </value>
            </param>
            <param index="1">
              <value>
                <![CDATA[5.0]]>
              </value>
            </param>
            <param index="2">
              <value>
                <![CDATA[10.0]]>
              </value>
            </param>
          </params>
          <reporter-output>
          </reporter-output>
        </test-method> <!-- TestCong -->
        <test-method is-config="true" signature="AfterTest()[pri:0, instance:unit_tesing.TestPhepToan@64a40280]" started-at="2024-11-22T14:47:30Z" name="AfterTest" finished-at="2024-11-22T14:47:30Z" duration-ms="0" status="PASS">
          <reporter-output>
          </reporter-output>
        </test-method> <!-- AfterTest -->
        <test-method signature="TestCong(float, float, float)[pri:0, instance:unit_tesing.TestPhepToan@64a40280]" started-at="2024-11-22T14:47:30Z" name="TestCong" data-provider="congdata" finished-at="2024-11-22T14:47:30Z" duration-ms="1" status="PASS">
          <params>
            <param index="0">
              <value>
                <![CDATA[10.5]]>
              </value>
            </param>
            <param index="1">
              <value>
                <![CDATA[4.5]]>
              </value>
            </param>
            <param index="2">
              <value>
                <![CDATA[15.0]]>
              </value>
            </param>
          </params>
          <reporter-output>
          </reporter-output>
        </test-method> <!-- TestCong -->
        <test-method is-config="true" signature="BeforeTest()[pri:0, instance:unit_tesing.TestPhepToan@64a40280]" started-at="2024-11-22T14:47:30Z" name="BeforeTest" finished-at="2024-11-22T14:47:30Z" duration-ms="0" status="PASS">
          <reporter-output>
          </reporter-output>
        </test-method> <!-- BeforeTest -->
        <test-method is-config="true" signature="AfterTest()[pri:0, instance:unit_tesing.TestPhepToan@64a40280]" started-at="2024-11-22T14:47:30Z" name="AfterTest" finished-at="2024-11-22T14:47:30Z" duration-ms="0" status="PASS">
          <reporter-output>
          </reporter-output>
        </test-method> <!-- AfterTest -->
        <test-method signature="TestNhan1(float, float, float)[pri:0, instance:unit_tesing.TestPhepToan@64a40280]" started-at="2024-11-22T14:47:30Z" name="TestNhan1" data-provider="nhandata" finished-at="2024-11-22T14:47:30Z" duration-ms="2" status="FAIL">
          <params>
            <param index="0">
              <value>
                <![CDATA[2.0]]>
              </value>
            </param>
            <param index="1">
              <value>
                <![CDATA[2.0]]>
              </value>
            </param>
            <param index="2">
              <value>
                <![CDATA[4.0]]>
              </value>
            </param>
          </params>
          <exception class="java.lang.AssertionError">
            <message>
              <![CDATA[expected [4.0] but found [5.0]]]>
            </message>
            <full-stacktrace>
              <![CDATA[java.lang.AssertionError: expected [4.0] but found [5.0]
	at org.testng.Assert.fail(Assert.java:93)
	at org.testng.Assert.failNotEquals(Assert.java:512)
	at org.testng.Assert.assertEquals(Assert.java:259)
	at org.testng.Assert.assertEquals(Assert.java:272)
	at unit_tesing.TestPhepToan.TestNhan1(TestPhepToan.java:43)
	at java.base/jdk.internal.reflect.DirectMethodHandleAccessor.invoke(DirectMethodHandleAccessor.java:104)
	at java.base/java.lang.reflect.Method.invoke(Method.java:578)
	at org.testng.internal.MethodInvocationHelper.invokeMethod(MethodInvocationHelper.java:108)
	at org.testng.internal.Invoker.invokeMethod(Invoker.java:661)
	at org.testng.internal.Invoker.invokeTestMethod(Invoker.java:869)
	at org.testng.internal.Invoker.invokeTestMethods(Invoker.java:1193)
	at org.testng.internal.TestMethodWorker.invokeTestMethods(TestMethodWorker.java:126)
	at org.testng.internal.TestMethodWorker.run(TestMethodWorker.java:109)
	at org.testng.TestRunner.privateRun(TestRunner.java:744)
	at org.testng.TestRunner.run(TestRunner.java:602)
	at org.testng.SuiteRunner.runTest(SuiteRunner.java:380)
	at org.testng.SuiteRunner.runSequentially(SuiteRunner.java:375)
	at org.testng.SuiteRunner.privateRun(SuiteRunner.java:340)
	at org.testng.SuiteRunner.run(SuiteRunner.java:289)
	at org.testng.SuiteRunnerWorker.runSuite(SuiteRunnerWorker.java:52)
	at org.testng.SuiteRunnerWorker.run(SuiteRunnerWorker.java:86)
	at org.testng.TestNG.runSuitesSequentially(TestNG.java:1301)
	at org.testng.TestNG.runSuitesLocally(TestNG.java:1226)
	at org.testng.TestNG.runSuites(TestNG.java:1144)
	at org.testng.TestNG.run(TestNG.java:1115)
	at org.testng.remote.AbstractRemoteTestNG.run(AbstractRemoteTestNG.java:132)
	at org.testng.remote.RemoteTestNG.initAndRun(RemoteTestNG.java:230)
	at org.testng.remote.RemoteTestNG.main(RemoteTestNG.java:76)
]]>
            </full-stacktrace>
          </exception> <!-- java.lang.AssertionError -->
          <reporter-output>
          </reporter-output>
        </test-method> <!-- TestNhan1 -->
        <test-method is-config="true" signature="BeforeTest()[pri:0, instance:unit_tesing.TestPhepToan@64a40280]" started-at="2024-11-22T14:47:30Z" name="BeforeTest" finished-at="2024-11-22T14:47:30Z" duration-ms="0" status="PASS">
          <reporter-output>
          </reporter-output>
        </test-method> <!-- BeforeTest -->
        <test-method is-config="true" signature="AfterTest()[pri:0, instance:unit_tesing.TestPhepToan@64a40280]" started-at="2024-11-22T14:47:30Z" name="AfterTest" finished-at="2024-11-22T14:47:30Z" duration-ms="0" status="PASS">
          <reporter-output>
          </reporter-output>
        </test-method> <!-- AfterTest -->
        <test-method is-config="true" signature="BeforeTest()[pri:0, instance:unit_tesing.TestPhepToan@64a40280]" started-at="2024-11-22T14:47:30Z" name="BeforeTest" finished-at="2024-11-22T14:47:30Z" duration-ms="0" status="PASS">
          <reporter-output>
          </reporter-output>
        </test-method> <!-- BeforeTest -->
        <test-method signature="TestNhan1(float, float, float)[pri:0, instance:unit_tesing.TestPhepToan@64a40280]" started-at="2024-11-22T14:47:30Z" name="TestNhan1" data-provider="nhandata" finished-at="2024-11-22T14:47:30Z" duration-ms="1" status="FAIL">
          <params>
            <param index="0">
              <value>
                <![CDATA[3.0]]>
              </value>
            </param>
            <param index="1">
              <value>
                <![CDATA[5.0]]>
              </value>
            </param>
            <param index="2">
              <value>
                <![CDATA[15.0]]>
              </value>
            </param>
          </params>
          <exception class="java.lang.AssertionError">
            <message>
              <![CDATA[expected [15.0] but found [16.0]]]>
            </message>
            <full-stacktrace>
              <![CDATA[java.lang.AssertionError: expected [15.0] but found [16.0]
	at org.testng.Assert.fail(Assert.java:93)
	at org.testng.Assert.failNotEquals(Assert.java:512)
	at org.testng.Assert.assertEquals(Assert.java:259)
	at org.testng.Assert.assertEquals(Assert.java:272)
	at unit_tesing.TestPhepToan.TestNhan1(TestPhepToan.java:43)
	at java.base/jdk.internal.reflect.DirectMethodHandleAccessor.invoke(DirectMethodHandleAccessor.java:104)
	at java.base/java.lang.reflect.Method.invoke(Method.java:578)
	at org.testng.internal.MethodInvocationHelper.invokeMethod(MethodInvocationHelper.java:108)
	at org.testng.internal.Invoker.invokeMethod(Invoker.java:661)
	at org.testng.internal.Invoker.invokeTestMethod(Invoker.java:869)
	at org.testng.internal.Invoker.invokeTestMethods(Invoker.java:1193)
	at org.testng.internal.TestMethodWorker.invokeTestMethods(TestMethodWorker.java:126)
	at org.testng.internal.TestMethodWorker.run(TestMethodWorker.java:109)
	at org.testng.TestRunner.privateRun(TestRunner.java:744)
	at org.testng.TestRunner.run(TestRunner.java:602)
	at org.testng.SuiteRunner.runTest(SuiteRunner.java:380)
	at org.testng.SuiteRunner.runSequentially(SuiteRunner.java:375)
	at org.testng.SuiteRunner.privateRun(SuiteRunner.java:340)
	at org.testng.SuiteRunner.run(SuiteRunner.java:289)
	at org.testng.SuiteRunnerWorker.runSuite(SuiteRunnerWorker.java:52)
	at org.testng.SuiteRunnerWorker.run(SuiteRunnerWorker.java:86)
	at org.testng.TestNG.runSuitesSequentially(TestNG.java:1301)
	at org.testng.TestNG.runSuitesLocally(TestNG.java:1226)
	at org.testng.TestNG.runSuites(TestNG.java:1144)
	at org.testng.TestNG.run(TestNG.java:1115)
	at org.testng.remote.AbstractRemoteTestNG.run(AbstractRemoteTestNG.java:132)
	at org.testng.remote.RemoteTestNG.initAndRun(RemoteTestNG.java:230)
	at org.testng.remote.RemoteTestNG.main(RemoteTestNG.java:76)
]]>
            </full-stacktrace>
          </exception> <!-- java.lang.AssertionError -->
          <reporter-output>
          </reporter-output>
        </test-method> <!-- TestNhan1 -->
        <test-method is-config="true" signature="AfterTest()[pri:0, instance:unit_tesing.TestPhepToan@64a40280]" started-at="2024-11-22T14:47:30Z" name="AfterTest" finished-at="2024-11-22T14:47:30Z" duration-ms="0" status="PASS">
          <reporter-output>
          </reporter-output>
        </test-method> <!-- AfterTest -->
        <test-method signature="TestNhan1(float, float, float)[pri:0, instance:unit_tesing.TestPhepToan@64a40280]" started-at="2024-11-22T14:47:30Z" name="TestNhan1" data-provider="nhandata" finished-at="2024-11-22T14:47:30Z" duration-ms="1" status="FAIL">
          <params>
            <param index="0">
              <value>
                <![CDATA[2.5]]>
              </value>
            </param>
            <param index="1">
              <value>
                <![CDATA[3.0]]>
              </value>
            </param>
            <param index="2">
              <value>
                <![CDATA[7.0]]>
              </value>
            </param>
          </params>
          <exception class="java.lang.AssertionError">
            <message>
              <![CDATA[expected [7.0] but found [8.5]]]>
            </message>
            <full-stacktrace>
              <![CDATA[java.lang.AssertionError: expected [7.0] but found [8.5]
	at org.testng.Assert.fail(Assert.java:93)
	at org.testng.Assert.failNotEquals(Assert.java:512)
	at org.testng.Assert.assertEquals(Assert.java:259)
	at org.testng.Assert.assertEquals(Assert.java:272)
	at unit_tesing.TestPhepToan.TestNhan1(TestPhepToan.java:43)
	at java.base/jdk.internal.reflect.DirectMethodHandleAccessor.invoke(DirectMethodHandleAccessor.java:104)
	at java.base/java.lang.reflect.Method.invoke(Method.java:578)
	at org.testng.internal.MethodInvocationHelper.invokeMethod(MethodInvocationHelper.java:108)
	at org.testng.internal.Invoker.invokeMethod(Invoker.java:661)
	at org.testng.internal.Invoker.invokeTestMethod(Invoker.java:869)
	at org.testng.internal.Invoker.invokeTestMethods(Invoker.java:1193)
	at org.testng.internal.TestMethodWorker.invokeTestMethods(TestMethodWorker.java:126)
	at org.testng.internal.TestMethodWorker.run(TestMethodWorker.java:109)
	at org.testng.TestRunner.privateRun(TestRunner.java:744)
	at org.testng.TestRunner.run(TestRunner.java:602)
	at org.testng.SuiteRunner.runTest(SuiteRunner.java:380)
	at org.testng.SuiteRunner.runSequentially(SuiteRunner.java:375)
	at org.testng.SuiteRunner.privateRun(SuiteRunner.java:340)
	at org.testng.SuiteRunner.run(SuiteRunner.java:289)
	at org.testng.SuiteRunnerWorker.runSuite(SuiteRunnerWorker.java:52)
	at org.testng.SuiteRunnerWorker.run(SuiteRunnerWorker.java:86)
	at org.testng.TestNG.runSuitesSequentially(TestNG.java:1301)
	at org.testng.TestNG.runSuitesLocally(TestNG.java:1226)
	at org.testng.TestNG.runSuites(TestNG.java:1144)
	at org.testng.TestNG.run(TestNG.java:1115)
	at org.testng.remote.AbstractRemoteTestNG.run(AbstractRemoteTestNG.java:132)
	at org.testng.remote.RemoteTestNG.initAndRun(RemoteTestNG.java:230)
	at org.testng.remote.RemoteTestNG.main(RemoteTestNG.java:76)
]]>
            </full-stacktrace>
          </exception> <!-- java.lang.AssertionError -->
          <reporter-output>
          </reporter-output>
        </test-method> <!-- TestNhan1 -->
        <test-method is-config="true" signature="BeforeTest()[pri:0, instance:unit_tesing.TestPhepToan@64a40280]" started-at="2024-11-22T14:47:30Z" name="BeforeTest" finished-at="2024-11-22T14:47:30Z" duration-ms="0" status="PASS">
          <reporter-output>
          </reporter-output>
        </test-method> <!-- BeforeTest -->
        <test-method is-config="true" signature="AfterTest()[pri:0, instance:unit_tesing.TestPhepToan@64a40280]" started-at="2024-11-22T14:47:30Z" name="AfterTest" finished-at="2024-11-22T14:47:30Z" duration-ms="0" status="PASS">
          <reporter-output>
          </reporter-output>
        </test-method> <!-- AfterTest -->
        <test-method signature="TestTru(float, float, float)[pri:0, instance:unit_tesing.TestPhepToan@64a40280]" started-at="2024-11-22T14:47:30Z" name="TestTru" data-provider="trudata" finished-at="2024-11-22T14:47:30Z" duration-ms="2" status="PASS">
          <params>
            <param index="0">
              <value>
                <![CDATA[0.0]]>
              </value>
            </param>
            <param index="1">
              <value>
                <![CDATA[5.0]]>
              </value>
            </param>
            <param index="2">
              <value>
                <![CDATA[-5.0]]>
              </value>
            </param>
          </params>
          <reporter-output>
          </reporter-output>
        </test-method> <!-- TestTru -->
        <test-method is-config="true" signature="BeforeTest()[pri:0, instance:unit_tesing.TestPhepToan@64a40280]" started-at="2024-11-22T14:47:30Z" name="BeforeTest" finished-at="2024-11-22T14:47:30Z" duration-ms="0" status="PASS">
          <reporter-output>
          </reporter-output>
        </test-method> <!-- BeforeTest -->
        <test-method is-config="true" signature="AfterTest()[pri:0, instance:unit_tesing.TestPhepToan@64a40280]" started-at="2024-11-22T14:47:30Z" name="AfterTest" finished-at="2024-11-22T14:47:30Z" duration-ms="2" status="PASS">
          <reporter-output>
          </reporter-output>
        </test-method> <!-- AfterTest -->
        <test-method is-config="true" signature="BeforeTest()[pri:0, instance:unit_tesing.TestPhepToan@64a40280]" started-at="2024-11-22T14:47:30Z" name="BeforeTest" finished-at="2024-11-22T14:47:30Z" duration-ms="0" status="PASS">
          <reporter-output>
          </reporter-output>
        </test-method> <!-- BeforeTest -->
        <test-method signature="TestTru(float, float, float)[pri:0, instance:unit_tesing.TestPhepToan@64a40280]" started-at="2024-11-22T14:47:30Z" name="TestTru" data-provider="trudata" finished-at="2024-11-22T14:47:30Z" duration-ms="1" status="PASS">
          <params>
            <param index="0">
              <value>
                <![CDATA[2.0]]>
              </value>
            </param>
            <param index="1">
              <value>
                <![CDATA[2.0]]>
              </value>
            </param>
            <param index="2">
              <value>
                <![CDATA[0.0]]>
              </value>
            </param>
          </params>
          <reporter-output>
          </reporter-output>
        </test-method> <!-- TestTru -->
        <test-method is-config="true" signature="AfterTest()[pri:0, instance:unit_tesing.TestPhepToan@64a40280]" started-at="2024-11-22T14:47:30Z" name="AfterTest" finished-at="2024-11-22T14:47:30Z" duration-ms="1" status="PASS">
          <reporter-output>
          </reporter-output>
        </test-method> <!-- AfterTest -->
        <test-method is-config="true" signature="BeforeTest()[pri:0, instance:unit_tesing.TestPhepToan@64a40280]" started-at="2024-11-22T14:47:30Z" name="BeforeTest" finished-at="2024-11-22T14:47:30Z" duration-ms="0" status="PASS">
          <reporter-output>
          </reporter-output>
        </test-method> <!-- BeforeTest -->
        <test-method signature="TestTru(float, float, float)[pri:0, instance:unit_tesing.TestPhepToan@64a40280]" started-at="2024-11-22T14:47:30Z" name="TestTru" data-provider="trudata" finished-at="2024-11-22T14:47:30Z" duration-ms="0" status="PASS">
          <params>
            <param index="0">
              <value>
                <![CDATA[20.0]]>
              </value>
            </param>
            <param index="1">
              <value>
                <![CDATA[3.5]]>
              </value>
            </param>
            <param index="2">
              <value>
                <![CDATA[16.5]]>
              </value>
            </param>
          </params>
          <reporter-output>
          </reporter-output>
        </test-method> <!-- TestTru -->
        <test-method is-config="true" signature="AfterTest()[pri:0, instance:unit_tesing.TestPhepToan@64a40280]" started-at="2024-11-22T14:47:30Z" name="AfterTest" finished-at="2024-11-22T14:47:30Z" duration-ms="0" status="PASS">
          <reporter-output>
          </reporter-output>
        </test-method> <!-- AfterTest -->
      </class> <!-- unit_tesing.TestPhepToan -->
    </test> <!-- Default test -->
  </suite> <!-- Default suite -->
</testng-results>
